<?xml version="1.0" encoding="UTF-8"?>
<!-- Generated by org.testng.reporters.JUnitReportReporter -->
<testsuite hostname="Pranavans-MacBook-Air.local" failures="0" tests="4" name="maintest.TestingRapidAPI" time="21.338" errors="0" timestamp="2024-06-10T00:27:07 CEST" skipped="0">
  <testcase classname="maintest.TestingRapidAPI" name="test_profile_id_match" time="5.333"/>
  <system-out/>
  <testcase classname="maintest.TestingRapidAPI" name="test_response_status_code_200_TC_01" time="4.451"/>
  <system-out/>
  <testcase classname="maintest.TestingRapidAPI" name="test_API_return_skills_if_set_true_TC_02" time="6.350"/>
  <system-out/>
  <testcase classname="maintest.TestingRapidAPI" name="test_API_Not_return_skills_if_set_false_TC_02" time="5.204"/>
  <system-out/>
</testsuite> <!-- maintest.TestingRapidAPI -->
